TN:
SF:src/modules/appointments/services/CreateAppointmentService.ts
FN:13,(anonymous_18)
FN:14,CreateAppointmentService
FN:19,(anonymous_20)
FNF:3
FNH:3
FNDA:1,(anonymous_18)
FNDA:2,CreateAppointmentService
FNDA:3,(anonymous_20)
DA:1,1
DA:2,1
DA:3,1
DA:13,1
DA:16,2
DA:19,3
DA:20,3
DA:22,3
DA:26,3
DA:27,1
DA:30,2
DA:35,2
DA:37,1
DA:39,1
LF:14
LH:14
BRDA:26,0,0,1
BRDA:26,0,1,2
BRF:2
BRH:2
end_of_record
TN:
SF:src/modules/users/services/AuthenticateUserService.ts
FN:18,(anonymous_18)
FN:19,AuthenticateUserService
FN:23,(anonymous_20)
FNF:3
FNH:3
FNDA:1,(anonymous_18)
FNDA:1,AuthenticateUserService
FNDA:1,(anonymous_20)
DA:1,1
DA:2,1
DA:4,1
DA:5,1
DA:6,1
DA:18,1
DA:20,1
DA:23,1
DA:24,1
DA:26,1
DA:27,0
DA:30,1
DA:32,1
DA:33,0
DA:36,1
DA:38,1
DA:43,1
DA:48,1
DA:50,1
LF:19
LH:17
BRDA:24,0,0,1
BRDA:26,1,0,0
BRDA:26,1,1,1
BRDA:32,2,0,0
BRDA:32,2,1,1
BRF:5
BRH:3
end_of_record
TN:
SF:src/modules/users/services/CreateUserService.ts
FN:11,(anonymous_14)
FN:12,CreateUserService
FN:14,(anonymous_16)
FNF:3
FNH:3
FNDA:2,(anonymous_14)
FNDA:3,CreateUserService
FNDA:4,(anonymous_16)
DA:1,2
DA:3,2
DA:11,2
DA:12,3
DA:14,4
DA:15,4
DA:17,4
DA:18,1
DA:21,3
DA:23,3
DA:29,3
DA:31,2
DA:33,2
LF:13
LH:13
BRDA:15,0,0,4
BRDA:17,1,0,1
BRDA:17,1,1,3
BRF:3
BRH:3
end_of_record
TN:
SF:src/modules/users/services/SendForgotPasswordEmailService.ts
FN:10,(anonymous_17)
FN:11,SendForgotPasswordEmailService
FN:15,(anonymous_19)
FNF:3
FNH:0
FNDA:0,(anonymous_17)
FNDA:0,SendForgotPasswordEmailService
FNDA:0,(anonymous_19)
DA:3,0
DA:10,0
DA:12,0
DA:15,0
DA:18,0
DA:20,0
LF:6
LH:0
BRF:0
BRH:0
end_of_record
TN:
SF:src/modules/users/services/UpdateUserAvatarService.ts
FN:15,(anonymous_18)
FN:16,UpdateUserAvatarService
FN:21,(anonymous_20)
FNF:3
FNH:0
FNDA:0,(anonymous_18)
FNDA:0,UpdateUserAvatarService
FNDA:0,(anonymous_20)
DA:1,0
DA:2,0
DA:4,0
DA:5,0
DA:7,0
DA:15,0
DA:18,0
DA:21,0
DA:22,0
DA:24,0
DA:25,0
DA:28,0
DA:30,0
DA:31,0
DA:33,0
DA:34,0
DA:37,0
DA:39,0
DA:41,0
DA:43,0
DA:45,0
LF:21
LH:0
BRDA:22,0,0,0
BRDA:24,1,0,0
BRDA:24,1,1,0
BRDA:28,2,0,0
BRDA:28,2,1,0
BRDA:33,3,0,0
BRDA:33,3,1,0
BRF:7
BRH:0
end_of_record
